<?xml version="1.0" encoding="UTF-8"?><testsuite errors="1" failures="0" name="select country" skipped="0" tests="1" time="30.74" timestamp="2019-04-30 11:16:14"><testcase name="select conutry Colombia"><error message="Could not instantiate new WebDriver instance of type class io.appium.java_client.AppiumDriver (Unable to create a new remote session. Please check the server log for more details. Original error: No such context found.&#10;Build info: version: '3.141.59', revision: 'e82be7d358', time: '2018-11-14T08:17:03'&#10;System info: host: 'CAMDUC', ip: '192.168.100.209', os.name: 'Windows 7', os.arch: 'amd64', os.version: '6.1', java.version: '1.8.0_191'&#10;Driver info: driver.version: AndroidDriver&#10;remote stacktrace: NoSuchContextError: No such context found.&#10;    at AndroidDriver.commands.setContext (C:\Users\camduc\AppData\Local\Programs\Appium\resources\app\node_modules\appium\node_modules\appium-android-driver\lib\commands\context.js:55:11)&#10;    at process._tickCallback (internal/process/next_tick.js:68:7)&#10;Build info: version: '3.141.59', revision: 'e82be7d358', time: '2018-11-14T08:17:03'&#10;System info: host: 'CAMDUC', ip: '192.168.100.209', os.name: 'Windows 7', os.arch: 'amd64', os.version: '6.1', java.version: '1.8.0_191'&#10;Driver info: driver.version: AndroidDriver" type="net.thucydides.core.webdriver.UnsupportedDriverException">Could not instantiate new WebDriver instance of type class io.appium.java_client.AppiumDriver (Unable to create a new remote session. Please check the server log for more details. Original error: No such context found.
Build info: version: '3.141.59', revision: 'e82be7d358', time: '2018-11-14T08:17:03'
System info: host: 'CAMDUC', ip: '192.168.100.209', os.name: 'Windows 7', os.arch: 'amd64', os.version: '6.1', java.version: '1.8.0_191'
Driver info: driver.version: AndroidDriver
remote stacktrace: NoSuchContextError: No such context found.
    at AndroidDriver.commands.setContext (C:\Users\camduc\AppData\Local\Programs\Appium\resources\app\node_modules\appium\node_modules\appium-android-driver\lib\commands\context.js:55:11)
    at process._tickCallback (internal/process/next_tick.js:68:7)
Build info: version: '3.141.59', revision: 'e82be7d358', time: '2018-11-14T08:17:03'
System info: host: 'CAMDUC', ip: '192.168.100.209', os.name: 'Windows 7', os.arch: 'amd64', os.version: '6.1', java.version: '1.8.0_191'
Driver info: driver.version: AndroidDriver</error><system-err>Could not instantiate new WebDriver instance of type class io.appium.java_client.AppiumDriver (Unable to create a new remote session. Please check the server log for more details. Original error: No such context found.
Build info: version: '3.141.59', revision: 'e82be7d358', time: '2018-11-14T08:17:03'
System info: host: 'CAMDUC', ip: '192.168.100.209', os.name: 'Windows 7', os.arch: 'amd64', os.version: '6.1', java.version: '1.8.0_191'
Driver info: driver.version: AndroidDriver
remote stacktrace: NoSuchContextError: No such context found.
    at AndroidDriver.commands.setContext (C:\Users\camduc\AppData\Local\Programs\Appium\resources\app\node_modules\appium\node_modules\appium-android-driver\lib\commands\context.js:55:11)
    at process._tickCallback (internal/process/next_tick.js:68:7)
Build info: version: '3.141.59', revision: 'e82be7d358', time: '2018-11-14T08:17:03'
System info: host: 'CAMDUC', ip: '192.168.100.209', os.name: 'Windows 7', os.arch: 'amd64', os.version: '6.1', java.version: '1.8.0_191'
Driver info: driver.version: AndroidDriver&#13;
com.elempleo.app.pages.HomePage.seleccionarPais(HomePage.java:19)&#13;
com.elempleo.app.steps.SelectCountryStep.seleccionarPais(SelectCountryStep.java:14)&#13;
com.elempleo.app.stepdefinitions.SelectCountryStepDefinitions.thatYouEnteredTheApp(SelectCountryStepDefinitions.java:18)&#13;
cucumber.runner.Runner.runPickle(Runner.java:80)&#13;
org.eclipse.jdt.internal.junit4.runner.JUnit4TestReference.run(JUnit4TestReference.java:89)&#13;
org.eclipse.jdt.internal.junit.runner.TestExecution.run(TestExecution.java:41)&#13;
org.eclipse.jdt.internal.junit.runner.RemoteTestRunner.runTests(RemoteTestRunner.java:541)&#13;
org.eclipse.jdt.internal.junit.runner.RemoteTestRunner.runTests(RemoteTestRunner.java:763)&#13;
org.eclipse.jdt.internal.junit.runner.RemoteTestRunner.run(RemoteTestRunner.java:463)&#13;
org.eclipse.jdt.internal.junit.runner.RemoteTestRunner.main(RemoteTestRunner.java:209)&#13;
</system-err></testcase></testsuite>